2023-10-27 10:49:37,275	INFO	3*********@q*.com->{'ret': 1, 'msg': '登录成功'}
2023-10-27 10:49:37,664	INFO	3*********@q*.com->{'ret': 0, 'msg': '您似乎已经签到过了...'}
2023-10-28 09:06:41,224	INFO	3*********@q*.com->{'ret': 1, 'msg': '登录成功'}
2023-10-28 09:06:41,626	INFO	3*********@q*.com->{'msg': '获得了 84MB 流量.', 'unflowtraffic': 108336775168, 'traffic': '100.9GB', 'trafficInfo': {'todayUsedTraffic': '0B', 'lastUsedTraffic': '10.01GB', 'unUsedTraffic': '90.89GB'}, 'ret': 1}
2023-10-29 09:13:05,752	INFO	3*********@q*.com->{'ret': 1, 'msg': '登录成功'}
2023-10-29 09:13:06,139	INFO	3*********@q*.com->{'msg': '获得了 74MB 流量.', 'unflowtraffic': 108414369792, 'traffic': '100.97GB', 'trafficInfo': {'todayUsedTraffic': '0B', 'lastUsedTraffic': '10.3GB', 'unUsedTraffic': '90.67GB'}, 'ret': 1}
2023-10-30 09:09:39,529	INFO	3*********@q*.com->{'ret': 1, 'msg': '登录成功'}
2023-10-30 09:09:39,932	INFO	3*********@q*.com->{'msg': '获得了 90MB 流量.', 'unflowtraffic': 108508741632, 'traffic': '101.06GB', 'trafficInfo': {'todayUsedTraffic': '5.04MB', 'lastUsedTraffic': '10.3GB', 'unUsedTraffic': '90.75GB'}, 'ret': 1}
2023-10-31 09:09:59,253	INFO	3*********@q*.com->{'ret': 1, 'msg': '登录成功'}
2023-10-31 09:09:59,606	INFO	3*********@q*.com->{'msg': '获得了 68MB 流量.', 'unflowtraffic': 108580044800, 'traffic': '101.12GB', 'trafficInfo': {'todayUsedTraffic': '1.93MB', 'lastUsedTraffic': '10.44GB', 'unUsedTraffic': '90.68GB'}, 'ret': 1}
2023-11-01 09:13:51,631	INFO	3*********@q*.com->{'ret': 1, 'msg': '登录成功'}
2023-11-01 09:13:51,985	INFO	3*********@q*.com->{'msg': '获得了 64MB 流量.', 'unflowtraffic': 108647153664, 'traffic': '101.19GB', 'trafficInfo': {'todayUsedTraffic': '0B', 'lastUsedTraffic': '12.06GB', 'unUsedTraffic': '89.12GB'}, 'ret': 1}
2023-11-02 09:09:14,391	INFO	3*********@q*.com->{'ret': 1, 'msg': '登录成功'}
2023-11-02 09:09:14,826	INFO	3*********@q*.com->{'msg': '获得了 90MB 流量.', 'unflowtraffic': 108741525504, 'traffic': '101.27GB', 'trafficInfo': {'todayUsedTraffic': '0B', 'lastUsedTraffic': '12.06GB', 'unUsedTraffic': '89.21GB'}, 'ret': 1}
2023-11-03 09:10:15,408	INFO	3*********@q*.com->{'ret': 1, 'msg': '登录成功'}
2023-11-03 09:10:15,779	INFO	3*********@q*.com->{'msg': '获得了 88MB 流量.', 'unflowtraffic': 108833800192, 'traffic': '101.36GB', 'trafficInfo': {'todayUsedTraffic': '0B', 'lastUsedTraffic': '12.21GB', 'unUsedTraffic': '89.14GB'}, 'ret': 1}
2023-11-04 09:09:08,094	INFO	3*********@q*.com->{'ret': 1, 'msg': '登录成功'}
2023-11-04 09:09:08,455	INFO	3*********@q*.com->{'msg': '获得了 98MB 流量.', 'unflowtraffic': 108936560640, 'traffic': '101.46GB', 'trafficInfo': {'todayUsedTraffic': '10.89MB', 'lastUsedTraffic': '12.76GB', 'unUsedTraffic': '88.69GB'}, 'ret': 1}
2023-11-05 09:14:26,387	INFO	3*********@q*.com->{'ret': 1, 'msg': '登录成功'}
2023-11-05 09:14:26,742	INFO	3*********@q*.com->{'msg': '获得了 85MB 流量.', 'unflowtraffic': 109025689600, 'traffic': '101.54GB', 'trafficInfo': {'todayUsedTraffic': '132.64MB', 'lastUsedTraffic': '13.06GB', 'unUsedTraffic': '88.35GB'}, 'ret': 1}
2023-11-06 09:12:20,077	INFO	3*********@q*.com->{'ret': 1, 'msg': '登录成功'}
2023-11-06 09:12:20,483	INFO	3*********@q*.com->{'msg': '获得了 60MB 流量.', 'unflowtraffic': 109088604160, 'traffic': '101.6GB', 'trafficInfo': {'todayUsedTraffic': '134.1MB', 'lastUsedTraffic': '13.44GB', 'unUsedTraffic': '88.02GB'}, 'ret': 1}
2023-11-07 09:11:12,404	INFO	3*********@q*.com->{'ret': 1, 'msg': '登录成功'}
2023-11-07 09:11:12,909	INFO	3*********@q*.com->{'msg': '获得了 70MB 流量.', 'unflowtraffic': 109162004480, 'traffic': '101.67GB', 'trafficInfo': {'todayUsedTraffic': '8.46MB', 'lastUsedTraffic': '13.94GB', 'unUsedTraffic': '87.72GB'}, 'ret': 1}
2023-11-08 09:10:23,349	INFO	3*********@q*.com->{'ret': 1, 'msg': '登录成功'}
2023-11-08 09:10:23,856	INFO	3*********@q*.com->{'msg': '获得了 81MB 流量.', 'unflowtraffic': 109246939136, 'traffic': '101.74GB', 'trafficInfo': {'todayUsedTraffic': '252.87MB', 'lastUsedTraffic': '14.1GB', 'unUsedTraffic': '87.4GB'}, 'ret': 1}
2023-11-09 09:11:13,560	INFO	3*********@q*.com->{'ret': 1, 'msg': '登录成功'}
2023-11-09 09:11:14,050	INFO	3*********@q*.com->{'msg': '获得了 60MB 流量.', 'unflowtraffic': 109309853696, 'traffic': '101.8GB', 'trafficInfo': {'todayUsedTraffic': '426B', 'lastUsedTraffic': '14.55GB', 'unUsedTraffic': '87.25GB'}, 'ret': 1}
2023-11-10 09:10:18,815	INFO	3*********@q*.com->{'ret': 1, 'msg': '登录成功'}
2023-11-10 09:10:19,316	INFO	3*********@q*.com->{'msg': '获得了 100MB 流量.', 'unflowtraffic': 109414711296, 'traffic': '101.9GB', 'trafficInfo': {'todayUsedTraffic': '8.38MB', 'lastUsedTraffic': '14.69GB', 'unUsedTraffic': '87.21GB'}, 'ret': 1}
2023-11-11 10:11:50,678	INFO	3*********@q*.com->{'ret': 1, 'msg': '登录成功'}
2023-11-11 10:11:51,340	INFO	3*********@q*.com->{'msg': '获得了 93MB 流量.', 'unflowtraffic': 109512228864, 'traffic': '101.99GB', 'trafficInfo': {'todayUsedTraffic': '3.51MB', 'lastUsedTraffic': '14.8GB', 'unUsedTraffic': '87.19GB'}, 'ret': 1}
2023-11-12 09:15:11,209	INFO	3*********@q*.com->{'ret': 1, 'msg': '登录成功'}
2023-11-12 09:15:11,702	INFO	3*********@q*.com->{'msg': '获得了 95MB 流量.', 'unflowtraffic': 109611843584, 'traffic': '102.08GB', 'trafficInfo': {'todayUsedTraffic': '399.13KB', 'lastUsedTraffic': '14.8GB', 'unUsedTraffic': '87.28GB'}, 'ret': 1}
2023-11-13 09:12:18,889	INFO	3*********@q*.com->{'ret': 1, 'msg': '登录成功'}
2023-11-13 09:12:19,404	INFO	3*********@q*.com->{'msg': '获得了 60MB 流量.', 'unflowtraffic': 109674758144, 'traffic': '102.14GB', 'trafficInfo': {'todayUsedTraffic': '2.67MB', 'lastUsedTraffic': '14.82GB', 'unUsedTraffic': '87.32GB'}, 'ret': 1}
2023-11-14 09:10:38,411	INFO	3*********@q*.com->{'ret': 0, 'msg': '邮箱或者密码错误'}
2023-11-14 09:10:39,378	INFO	3*********@q*.com->签到阶段出现异常,请确认账号信息是否正确:JSONDecodeError('Expecting value: line 1 column 1 (char 0)')
2023-11-14 09:24:33,669	INFO	n*******@l***.com->{'ret': 1, 'msg': '登录成功'}
2023-11-14 09:24:34,172	INFO	n*******@l***.com->{'ret': 0, 'msg': '您似乎已经签到过了...'}
2023-11-15 08:46:46,628	INFO	n*******@l***.com->{'ret': 1, 'msg': '登录成功'}
2023-11-15 08:46:47,140	INFO	n*******@l***.com->{'msg': '获得了 420MB 流量.', 'unflowtraffic': 2363490304, 'traffic': '2.2GB', 'trafficInfo': {'todayUsedTraffic': '52.1KB', 'lastUsedTraffic': '281.74MB', 'unUsedTraffic': '1.93GB'}, 'ret': 1}
2023-11-16 08:47:41,394	INFO	n*******@l***.com->{'ret': 1, 'msg': '登录成功'}
2023-11-16 08:47:41,737	INFO	n*******@l***.com->{'msg': '获得了 407MB 流量.', 'unflowtraffic': 2790260736, 'traffic': '2.6GB', 'trafficInfo': {'todayUsedTraffic': '95.88KB', 'lastUsedTraffic': '603.49MB', 'unUsedTraffic': '2.01GB'}, 'ret': 1}
2023-11-17 08:47:36,996	INFO	n*******@l***.com->{'ret': 1, 'msg': '登录成功'}
2023-11-17 08:47:37,310	INFO	n*******@l***.com->{'msg': '获得了 483MB 流量.', 'unflowtraffic': 3296722944, 'traffic': '3.07GB', 'trafficInfo': {'todayUsedTraffic': '200.95KB', 'lastUsedTraffic': '603.76MB', 'unUsedTraffic': '2.48GB'}, 'ret': 1}
2023-11-18 08:46:03,715	INFO	n*******@l***.com->{'ret': 1, 'msg': '登录成功'}
2023-11-18 08:46:04,037	INFO	n*******@l***.com->{'msg': '获得了 427MB 流量.', 'unflowtraffic': 3744464896, 'traffic': '3.49GB', 'trafficInfo': {'todayUsedTraffic': '0B', 'lastUsedTraffic': '603.96MB', 'unUsedTraffic': '2.9GB'}, 'ret': 1}
2023-11-19 08:51:17,186	INFO	n*******@l***.com->{'ret': 1, 'msg': '登录成功'}
2023-11-19 08:51:17,461	INFO	n*******@l***.com->{'msg': '获得了 466MB 流量.', 'unflowtraffic': 4233101312, 'traffic': '3.94GB', 'trafficInfo': {'todayUsedTraffic': '0B', 'lastUsedTraffic': '603.96MB', 'unUsedTraffic': '3.35GB'}, 'ret': 1}
2023-11-20 08:48:17,518	INFO	n*******@l***.com->{'ret': 1, 'msg': '登录成功'}
2023-11-20 08:48:17,805	INFO	n*******@l***.com->{'msg': '获得了 423MB 流量.', 'unflowtraffic': 4676648960, 'traffic': '4.36GB', 'trafficInfo': {'todayUsedTraffic': '287.68MB', 'lastUsedTraffic': '720.7MB', 'unUsedTraffic': '3.37GB'}, 'ret': 1}
2023-11-21 08:48:30,947	INFO	n*******@l***.com->{'ret': 1, 'msg': '登录成功'}
2023-11-21 08:48:31,280	INFO	n*******@l***.com->{'msg': '获得了 442MB 流量.', 'unflowtraffic': 5140119552, 'traffic': '4.79GB', 'trafficInfo': {'todayUsedTraffic': '0B', 'lastUsedTraffic': '1.07GB', 'unUsedTraffic': '3.72GB'}, 'ret': 1}
2023-11-22 08:50:03,346	INFO	n*******@l***.com->{'ret': 1, 'msg': '登录成功'}
2023-11-22 08:50:03,683	INFO	n*******@l***.com->{'msg': '获得了 405MB 流量.', 'unflowtraffic': 5564792832, 'traffic': '5.18GB', 'trafficInfo': {'todayUsedTraffic': '0B', 'lastUsedTraffic': '1.07GB', 'unUsedTraffic': '4.12GB'}, 'ret': 1}
2023-11-23 08:47:11,715	INFO	n*******@l***.com->{'ret': 1, 'msg': '登录成功'}
2023-11-23 08:47:11,992	INFO	n*******@l***.com->{'msg': '获得了 462MB 流量.', 'unflowtraffic': 6049234944, 'traffic': '5.63GB', 'trafficInfo': {'todayUsedTraffic': '16.31MB', 'lastUsedTraffic': '1.11GB', 'unUsedTraffic': '4.51GB'}, 'ret': 1}
2023-11-24 08:45:34,226	INFO	n*******@l***.com->{'ret': 1, 'msg': '登录成功'}
2023-11-24 08:45:34,504	INFO	n*******@l***.com->{'msg': '获得了 486MB 流量.', 'unflowtraffic': 6558842880, 'traffic': '6.11GB', 'trafficInfo': {'todayUsedTraffic': '0B', 'lastUsedTraffic': '1.13GB', 'unUsedTraffic': '4.98GB'}, 'ret': 1}
2023-11-25 08:44:20,064	INFO	n*******@l***.com->{'ret': 1, 'msg': '登录成功'}
2023-11-25 08:44:20,389	INFO	n*******@l***.com->{'msg': '获得了 450MB 流量.', 'unflowtraffic': 7030702080, 'traffic': '6.55GB', 'trafficInfo': {'todayUsedTraffic': '0B', 'lastUsedTraffic': '1.19GB', 'unUsedTraffic': '5.36GB'}, 'ret': 1}
2023-11-26 08:50:46,341	INFO	n*******@l***.com->{'ret': 1, 'msg': '登录成功'}
2023-11-26 08:50:46,654	INFO	n*******@l***.com->{'msg': '获得了 447MB 流量.', 'unflowtraffic': 7499415552, 'traffic': '6.98GB', 'trafficInfo': {'todayUsedTraffic': '0B', 'lastUsedTraffic': '1.19GB', 'unUsedTraffic': '5.8GB'}, 'ret': 1}
2023-11-27 08:47:44,212	INFO	n*******@l***.com->{'ret': 1, 'msg': '登录成功'}
2023-11-27 08:47:44,562	INFO	n*******@l***.com->{'msg': '获得了 407MB 流量.', 'unflowtraffic': 7926185984, 'traffic': '7.38GB', 'trafficInfo': {'todayUsedTraffic': '20.18KB', 'lastUsedTraffic': '1.19GB', 'unUsedTraffic': '6.19GB'}, 'ret': 1}
2023-11-28 08:48:03,253	INFO	n*******@l***.com->{'ret': 1, 'msg': '登录成功'}
2023-11-28 08:48:03,586	INFO	n*******@l***.com->{'msg': '获得了 470MB 流量.', 'unflowtraffic': 8419016704, 'traffic': '7.84GB', 'trafficInfo': {'todayUsedTraffic': '64.74KB', 'lastUsedTraffic': '1.19GB', 'unUsedTraffic': '6.65GB'}, 'ret': 1}
2023-11-29 08:47:55,817	INFO	n*******@l***.com->{'ret': 1, 'msg': '登录成功'}
2023-11-29 08:47:56,146	INFO	n*******@l***.com->{'msg': '获得了 351MB 流量.', 'unflowtraffic': 8787066880, 'traffic': '8.18GB', 'trafficInfo': {'todayUsedTraffic': '79.56KB', 'lastUsedTraffic': '1.19GB', 'unUsedTraffic': '6.99GB'}, 'ret': 1}
2023-11-30 08:47:27,076	INFO	n*******@l***.com->{'ret': 1, 'msg': '登录成功'}
2023-11-30 08:47:27,395	INFO	n*******@l***.com->{'msg': '获得了 342MB 流量.', 'unflowtraffic': 9145679872, 'traffic': '8.52GB', 'trafficInfo': {'todayUsedTraffic': '163.36KB', 'lastUsedTraffic': '1.19GB', 'unUsedTraffic': '7.33GB'}, 'ret': 1}
2023-12-01 08:52:25,988	INFO	n*******@l***.com->{'ret': 1, 'msg': '登录成功'}
2023-12-01 08:52:26,333	INFO	n*******@l***.com->{'msg': '获得了 306MB 流量.', 'unflowtraffic': 9466544128, 'traffic': '8.82GB', 'trafficInfo': {'todayUsedTraffic': '65.64KB', 'lastUsedTraffic': '1.19GB', 'unUsedTraffic': '7.62GB'}, 'ret': 1}
2023-12-02 08:45:50,139	INFO	n*******@l***.com->{'ret': 1, 'msg': '登录成功'}
2023-12-02 08:45:50,455	INFO	n*******@l***.com->{'msg': '获得了 332MB 流量.', 'unflowtraffic': 9814671360, 'traffic': '9.14GB', 'trafficInfo': {'todayUsedTraffic': '0B', 'lastUsedTraffic': '1.19GB', 'unUsedTraffic': '7.95GB'}, 'ret': 1}
2023-12-03 08:51:00,897	INFO	n*******@l***.com->{'ret': 1, 'msg': '登录成功'}
2023-12-03 08:51:01,232	INFO	n*******@l***.com->{'msg': '获得了 302MB 流量.', 'unflowtraffic': 10131341312, 'traffic': '9.44GB', 'trafficInfo': {'todayUsedTraffic': '0B', 'lastUsedTraffic': '1.19GB', 'unUsedTraffic': '8.24GB'}, 'ret': 1}
2023-12-04 08:48:22,127	INFO	n*******@l***.com->{'ret': 1, 'msg': '登录成功'}
2023-12-04 08:48:22,409	INFO	n*******@l***.com->{'msg': '获得了 322MB 流量.', 'unflowtraffic': 10468982784, 'traffic': '9.75GB', 'trafficInfo': {'todayUsedTraffic': '0B', 'lastUsedTraffic': '1.22GB', 'unUsedTraffic': '8.53GB'}, 'ret': 1}
2023-12-05 08:48:26,992	INFO	n*******@l***.com->{'ret': 1, 'msg': '登录成功'}
2023-12-05 08:48:27,328	INFO	n*******@l***.com->{'msg': '获得了 421MB 流量.', 'unflowtraffic': 10910433280, 'traffic': '10.16GB', 'trafficInfo': {'todayUsedTraffic': '0B', 'lastUsedTraffic': '1.22GB', 'unUsedTraffic': '8.95GB'}, 'ret': 1}
2023-12-06 08:48:26,927	INFO	n*******@l***.com->{'ret': 1, 'msg': '登录成功'}
2023-12-06 08:48:27,256	INFO	n*******@l***.com->{'msg': '获得了 410MB 流量.', 'unflowtraffic': 11340349440, 'traffic': '10.56GB', 'trafficInfo': {'todayUsedTraffic': '0B', 'lastUsedTraffic': '1.22GB', 'unUsedTraffic': '9.35GB'}, 'ret': 1}
2023-12-07 08:47:49,058	INFO	n*******@l***.com->{'ret': 1, 'msg': '登录成功'}
2023-12-07 08:47:49,345	INFO	n*******@l***.com->{'msg': '获得了 390MB 流量.', 'unflowtraffic': 11749294080, 'traffic': '10.94GB', 'trafficInfo': {'todayUsedTraffic': '0B', 'lastUsedTraffic': '1.22GB', 'unUsedTraffic': '9.73GB'}, 'ret': 1}
2023-12-08 08:48:12,628	INFO	n*******@l***.com->{'ret': 1, 'msg': '登录成功'}
2023-12-08 08:48:12,958	INFO	n*******@l***.com->{'msg': '获得了 355MB 流量.', 'unflowtraffic': 12121538560, 'traffic': '11.29GB', 'trafficInfo': {'todayUsedTraffic': '0B', 'lastUsedTraffic': '1.22GB', 'unUsedTraffic': '10.07GB'}, 'ret': 1}
2023-12-09 08:46:15,540	INFO	n*******@l***.com->{'ret': 1, 'msg': '登录成功'}
2023-12-09 08:46:15,876	INFO	n*******@l***.com->{'msg': '获得了 478MB 流量.', 'unflowtraffic': 12622757888, 'traffic': '11.76GB', 'trafficInfo': {'todayUsedTraffic': '0B', 'lastUsedTraffic': '1.22GB', 'unUsedTraffic': '10.54GB'}, 'ret': 1}
2023-12-10 08:51:39,991	INFO	n*******@l***.com->{'ret': 1, 'msg': '登录成功'}
2023-12-10 08:51:40,328	INFO	n*******@l***.com->{'msg': '获得了 417MB 流量.', 'unflowtraffic': 13060014080, 'traffic': '12.16GB', 'trafficInfo': {'todayUsedTraffic': '8.74KB', 'lastUsedTraffic': '1.22GB', 'unUsedTraffic': '10.95GB'}, 'ret': 1}
2023-12-11 08:48:42,557	INFO	n*******@l***.com->{'ret': 1, 'msg': '登录成功'}
2023-12-11 08:48:42,896	INFO	n*******@l***.com->{'msg': '获得了 387MB 流量.', 'unflowtraffic': 13465812992, 'traffic': '12.54GB', 'trafficInfo': {'todayUsedTraffic': '25.72MB', 'lastUsedTraffic': '1.22GB', 'unUsedTraffic': '11.3GB'}, 'ret': 1}
2023-12-12 08:48:30,440	INFO	n*******@l***.com->{'ret': 1, 'msg': '登录成功'}
2023-12-12 08:48:30,714	INFO	n*******@l***.com->{'msg': '获得了 319MB 流量.', 'unflowtraffic': 13800308736, 'traffic': '12.85GB', 'trafficInfo': {'todayUsedTraffic': '11.4KB', 'lastUsedTraffic': '1.24GB', 'unUsedTraffic': '11.61GB'}, 'ret': 1}
2023-12-13 08:47:40,609	INFO	n*******@l***.com->{'ret': 1, 'msg': '登录成功'}
2023-12-13 08:47:40,936	INFO	n*******@l***.com->{'msg': '获得了 442MB 流量.', 'unflowtraffic': 14263779328, 'traffic': '13.28GB', 'trafficInfo': {'todayUsedTraffic': '14.56KB', 'lastUsedTraffic': '1.24GB', 'unUsedTraffic': '12.04GB'}, 'ret': 1}
2023-12-14 08:46:59,060	INFO	n*******@l***.com->{'ret': 1, 'msg': '登录成功'}
2023-12-14 08:46:59,359	INFO	n*******@l***.com->{'msg': '获得了 322MB 流量.', 'unflowtraffic': 14601420800, 'traffic': '13.6GB', 'trafficInfo': {'todayUsedTraffic': '12.48KB', 'lastUsedTraffic': '1.24GB', 'unUsedTraffic': '12.36GB'}, 'ret': 1}
2023-12-15 08:48:35,468	INFO	n*******@l***.com->{'ret': 1, 'msg': '登录成功'}
2023-12-15 08:48:35,760	INFO	n*******@l***.com->{'msg': '获得了 325MB 流量.', 'unflowtraffic': 14942208000, 'traffic': '13.92GB', 'trafficInfo': {'todayUsedTraffic': '12.48KB', 'lastUsedTraffic': '1.24GB', 'unUsedTraffic': '12.67GB'}, 'ret': 1}
2023-12-16 08:46:44,646	INFO	n*******@l***.com->{'ret': 1, 'msg': '登录成功'}
2023-12-16 08:46:44,930	INFO	n*******@l***.com->{'msg': '获得了 345MB 流量.', 'unflowtraffic': 15303966720, 'traffic': '14.25GB', 'trafficInfo': {'todayUsedTraffic': '12.48KB', 'lastUsedTraffic': '1.24GB', 'unUsedTraffic': '13.01GB'}, 'ret': 1}
2023-12-17 08:51:48,280	INFO	n*******@l***.com->{'ret': 1, 'msg': '登录成功'}
2023-12-17 08:51:48,563	INFO	n*******@l***.com->{'msg': '获得了 427MB 流量.', 'unflowtraffic': 15751708672, 'traffic': '14.67GB', 'trafficInfo': {'todayUsedTraffic': '10.66KB', 'lastUsedTraffic': '1.24GB', 'unUsedTraffic': '13.43GB'}, 'ret': 1}
2023-12-18 08:48:58,058	INFO	n*******@l***.com->{'ret': 1, 'msg': '登录成功'}
2023-12-18 08:48:58,394	INFO	n*******@l***.com->{'msg': '获得了 366MB 流量.', 'unflowtraffic': 16135487488, 'traffic': '15.03GB', 'trafficInfo': {'todayUsedTraffic': '10.49KB', 'lastUsedTraffic': '1.24GB', 'unUsedTraffic': '13.78GB'}, 'ret': 1}
2023-12-19 08:47:40,019	INFO	n*******@l***.com->{'ret': 1, 'msg': '登录成功'}
2023-12-19 08:47:40,326	INFO	n*******@l***.com->{'msg': '获得了 415MB 流量.', 'unflowtraffic': 16570646528, 'traffic': '15.43GB', 'trafficInfo': {'todayUsedTraffic': '0B', 'lastUsedTraffic': '1.24GB', 'unUsedTraffic': '14.19GB'}, 'ret': 1}
2023-12-20 08:38:16,109	INFO	n*******@l***.com->{'ret': 1, 'msg': '登录成功'}
2023-12-20 08:38:16,404	INFO	n*******@l***.com->{'msg': '获得了 473MB 流量.', 'unflowtraffic': 17066622976, 'traffic': '15.89GB', 'trafficInfo': {'todayUsedTraffic': '35.26MB', 'lastUsedTraffic': '1.24GB', 'unUsedTraffic': '14.62GB'}, 'ret': 1}
2023-12-21 08:46:44,313	INFO	n*******@l***.com->{'ret': 1, 'msg': '登录成功'}
2023-12-21 08:46:44,606	INFO	n*******@l***.com->{'msg': '获得了 407MB 流量.', 'unflowtraffic': 17493393408, 'traffic': '16.29GB', 'trafficInfo': {'todayUsedTraffic': '0B', 'lastUsedTraffic': '1.28GB', 'unUsedTraffic': '15.01GB'}, 'ret': 1}
2023-12-22 08:46:20,673	INFO	n*******@l***.com->{'ret': 1, 'msg': '登录成功'}
2023-12-22 08:46:21,011	INFO	n*******@l***.com->{'msg': '获得了 445MB 流量.', 'unflowtraffic': 17960009728, 'traffic': '16.73GB', 'trafficInfo': {'todayUsedTraffic': '0B', 'lastUsedTraffic': '1.28GB', 'unUsedTraffic': '15.45GB'}, 'ret': 1}
2023-12-23 08:44:06,171	INFO	n*******@l***.com->{'ret': 1, 'msg': '登录成功'}
2023-12-23 08:44:06,480	INFO	n*******@l***.com->{'msg': '获得了 441MB 流量.', 'unflowtraffic': 18422431744, 'traffic': '17.16GB', 'trafficInfo': {'todayUsedTraffic': '0B', 'lastUsedTraffic': '1.28GB', 'unUsedTraffic': '15.88GB'}, 'ret': 1}
2023-12-24 08:50:39,337	INFO	n*******@l***.com->{'ret': 1, 'msg': '登录成功'}
2023-12-24 08:50:39,740	INFO	n*******@l***.com->{'msg': '获得了 396MB 流量.', 'unflowtraffic': 18837667840, 'traffic': '17.54GB', 'trafficInfo': {'todayUsedTraffic': '0B', 'lastUsedTraffic': '1.28GB', 'unUsedTraffic': '16.27GB'}, 'ret': 1}
2023-12-25 08:47:50,713	INFO	n*******@l***.com->{'ret': 1, 'msg': '登录成功'}
2023-12-25 08:47:51,035	INFO	n*******@l***.com->{'msg': '获得了 479MB 流量.', 'unflowtraffic': 19339935744, 'traffic': '18.01GB', 'trafficInfo': {'todayUsedTraffic': '0B', 'lastUsedTraffic': '3.03GB', 'unUsedTraffic': '14.99GB'}, 'ret': 1}
2023-12-26 08:45:06,770	INFO	n*******@l***.com->{'ret': 1, 'msg': '登录成功'}
2023-12-26 08:45:07,058	INFO	n*******@l***.com->{'ret': 0, 'msg': '系统无法接受您的验证结果，请完成非机器人验证。'}
2023-12-27 08:45:09,846	INFO	n*******@l***.com->{'ret': 1, 'msg': '登录成功'}
2023-12-27 08:45:10,136	INFO	n*******@l***.com->{'ret': 0, 'msg': '系统无法接受您的验证结果，请完成非机器人验证。'}
2023-12-28 08:44:28,624	INFO	n*******@l***.com->{'ret': 1, 'msg': '登录成功'}
2023-12-28 08:44:28,897	INFO	n*******@l***.com->{'ret': 0, 'msg': '系统无法接受您的验证结果，请完成非机器人验证。'}
2023-12-29 08:37:33,535	INFO	n*******@l***.com->{'ret': 1, 'msg': '登录成功'}
2023-12-29 08:37:33,867	INFO	n*******@l***.com->{'ret': 0, 'msg': '系统无法接受您的验证结果，请完成非机器人验证。'}
2023-12-30 08:44:56,015	INFO	n*******@l***.com->{'ret': 1, 'msg': '登录成功'}
2023-12-30 08:44:56,346	INFO	n*******@l***.com->{'ret': 0, 'msg': '系统无法接受您的验证结果，请完成非机器人验证。'}
2023-12-31 08:51:05,246	INFO	n*******@l***.com->{'ret': 1, 'msg': '登录成功'}
2023-12-31 08:51:05,545	INFO	n*******@l***.com->{'ret': 0, 'msg': '系统无法接受您的验证结果，请完成非机器人验证。'}
2024-01-01 08:52:54,362	INFO	n*******@l***.com->{'ret': 1, 'msg': '登录成功'}
2024-01-01 08:52:54,695	INFO	n*******@l***.com->{'ret': 0, 'msg': '系统无法接受您的验证结果，请完成非机器人验证。'}
2024-01-02 08:45:57,068	INFO	n*******@l***.com->{'ret': 1, 'msg': '登录成功'}
2024-01-02 08:45:57,337	INFO	n*******@l***.com->{'ret': 0, 'msg': '系统无法接受您的验证结果，请完成非机器人验证。'}
2024-01-03 08:47:16,400	INFO	n*******@l***.com->{'ret': 1, 'msg': '登录成功'}
2024-01-03 08:47:16,731	INFO	n*******@l***.com->{'ret': 0, 'msg': '系统无法接受您的验证结果，请完成非机器人验证。'}
2024-01-04 08:47:36,394	INFO	n*******@l***.com->{'ret': 1, 'msg': '登录成功'}
2024-01-04 08:47:36,673	INFO	n*******@l***.com->{'ret': 0, 'msg': '系统无法接受您的验证结果，请完成非机器人验证。'}
2024-01-05 08:47:48,374	INFO	n*******@l***.com->{'ret': 1, 'msg': '登录成功'}
2024-01-05 08:47:48,659	INFO	n*******@l***.com->{'ret': 0, 'msg': '系统无法接受您的验证结果，请完成非机器人验证。'}
2024-01-06 08:46:42,097	INFO	n*******@l***.com->{'ret': 1, 'msg': '登录成功'}
2024-01-06 08:46:42,376	INFO	n*******@l***.com->{'ret': 0, 'msg': '系统无法接受您的验证结果，请完成非机器人验证。'}
2024-01-07 08:52:33,075	INFO	n*******@l***.com->{'ret': 1, 'msg': '登录成功'}
2024-01-07 08:52:33,360	INFO	n*******@l***.com->{'ret': 0, 'msg': '系统无法接受您的验证结果，请完成非机器人验证。'}
2024-01-08 08:49:19,699	INFO	n*******@l***.com->{'ret': 1, 'msg': '登录成功'}
2024-01-08 08:49:20,006	INFO	n*******@l***.com->{'ret': 0, 'msg': '系统无法接受您的验证结果，请完成非机器人验证。'}
2024-01-09 08:48:32,212	INFO	n*******@l***.com->{'ret': 1, 'msg': '登录成功'}
2024-01-09 08:48:32,548	INFO	n*******@l***.com->{'ret': 0, 'msg': '系统无法接受您的验证结果，请完成非机器人验证。'}
2024-01-10 08:48:43,966	INFO	n*******@l***.com->{'ret': 1, 'msg': '登录成功'}
2024-01-10 08:48:44,299	INFO	n*******@l***.com->{'ret': 0, 'msg': '系统无法接受您的验证结果，请完成非机器人验证。'}
2024-01-11 08:48:58,549	INFO	n*******@l***.com->{'ret': 1, 'msg': '登录成功'}
2024-01-11 08:48:58,867	INFO	n*******@l***.com->{'ret': 0, 'msg': '系统无法接受您的验证结果，请完成非机器人验证。'}
2024-01-12 08:49:22,763	INFO	n*******@l***.com->{'ret': 1, 'msg': '登录成功'}
2024-01-12 08:49:23,045	INFO	n*******@l***.com->{'ret': 0, 'msg': '系统无法接受您的验证结果，请完成非机器人验证。'}
2024-01-13 08:47:45,527	INFO	n*******@l***.com->{'ret': 1, 'msg': '登录成功'}
2024-01-13 08:47:45,862	INFO	n*******@l***.com->{'ret': 0, 'msg': '系统无法接受您的验证结果，请完成非机器人验证。'}
2024-01-14 08:52:51,530	INFO	n*******@l***.com->{'ret': 1, 'msg': '登录成功'}
2024-01-14 08:52:51,849	INFO	n*******@l***.com->{'ret': 0, 'msg': '系统无法接受您的验证结果，请完成非机器人验证。'}
2024-01-15 08:50:54,119	INFO	n*******@l***.com->{'ret': 1, 'msg': '登录成功'}
2024-01-15 08:50:54,444	INFO	n*******@l***.com->{'ret': 0, 'msg': '系统无法接受您的验证结果，请完成非机器人验证。'}
2024-01-16 08:48:10,228	INFO	n*******@l***.com->{'ret': 1, 'msg': '登录成功'}
2024-01-16 08:48:10,559	INFO	n*******@l***.com->{'ret': 0, 'msg': '系统无法接受您的验证结果，请完成非机器人验证。'}
2024-01-17 08:48:55,343	INFO	n*******@l***.com->{'ret': 1, 'msg': '登录成功'}
2024-01-17 08:48:55,668	INFO	n*******@l***.com->{'ret': 0, 'msg': '系统无法接受您的验证结果，请完成非机器人验证。'}
2024-01-18 08:48:24,309	INFO	n*******@l***.com->{'ret': 1, 'msg': '登录成功'}
2024-01-18 08:48:24,623	INFO	n*******@l***.com->{'ret': 0, 'msg': '系统无法接受您的验证结果，请完成非机器人验证。'}
2024-01-19 08:49:01,213	INFO	n*******@l***.com->{'ret': 1, 'msg': '登录成功'}
2024-01-19 08:49:01,548	INFO	n*******@l***.com->{'ret': 0, 'msg': '系统无法接受您的验证结果，请完成非机器人验证。'}
2024-01-20 08:47:48,890	INFO	n*******@l***.com->{'ret': 1, 'msg': '登录成功'}
2024-01-20 08:47:49,225	INFO	n*******@l***.com->{'ret': 0, 'msg': '系统无法接受您的验证结果，请完成非机器人验证。'}
2024-01-21 08:53:00,981	INFO	n*******@l***.com->{'ret': 1, 'msg': '登录成功'}
2024-01-21 08:53:01,302	INFO	n*******@l***.com->{'ret': 0, 'msg': '系统无法接受您的验证结果，请完成非机器人验证。'}
2024-01-22 08:51:22,364	INFO	n*******@l***.com->{'ret': 1, 'msg': '登录成功'}
2024-01-22 08:51:22,628	INFO	n*******@l***.com->{'ret': 0, 'msg': '系统无法接受您的验证结果，请完成非机器人验证。'}
2024-01-23 08:50:13,770	INFO	n*******@l***.com->{'ret': 1, 'msg': '登录成功'}
2024-01-23 08:50:14,104	INFO	n*******@l***.com->{'ret': 0, 'msg': '系统无法接受您的验证结果，请完成非机器人验证。'}
2024-01-24 08:50:03,645	INFO	n*******@l***.com->{'ret': 1, 'msg': '登录成功'}
2024-01-24 08:50:03,910	INFO	n*******@l***.com->{'ret': 0, 'msg': '系统无法接受您的验证结果，请完成非机器人验证。'}
2024-01-25 08:50:11,563	INFO	n*******@l***.com->{'ret': 1, 'msg': '登录成功'}
2024-01-25 08:50:11,878	INFO	n*******@l***.com->{'ret': 0, 'msg': '系统无法接受您的验证结果，请完成非机器人验证。'}
2024-01-26 08:44:52,032	INFO	n*******@l***.com->{'ret': 1, 'msg': '登录成功'}
2024-01-26 08:44:52,350	INFO	n*******@l***.com->{'ret': 0, 'msg': '系统无法接受您的验证结果，请完成非机器人验证。'}
2024-01-27 08:44:16,534	INFO	n*******@l***.com->{'ret': 1, 'msg': '登录成功'}
2024-01-27 08:44:16,817	INFO	n*******@l***.com->{'ret': 0, 'msg': '系统无法接受您的验证结果，请完成非机器人验证。'}
2024-01-28 08:47:51,005	INFO	n*******@l***.com->{'ret': 1, 'msg': '登录成功'}
2024-01-28 08:47:51,293	INFO	n*******@l***.com->{'ret': 0, 'msg': '系统无法接受您的验证结果，请完成非机器人验证。'}
2024-01-29 08:45:03,400	INFO	n*******@l***.com->{'ret': 1, 'msg': '登录成功'}
2024-01-29 08:45:03,680	INFO	n*******@l***.com->{'ret': 0, 'msg': '系统无法接受您的验证结果，请完成非机器人验证。'}
2024-01-30 08:44:21,770	INFO	n*******@l***.com->{'ret': 1, 'msg': '登录成功'}
2024-01-30 08:44:22,051	INFO	n*******@l***.com->{'ret': 0, 'msg': '系统无法接受您的验证结果，请完成非机器人验证。'}
2024-01-31 08:44:31,596	INFO	n*******@l***.com->{'ret': 1, 'msg': '登录成功'}
2024-01-31 08:44:31,914	INFO	n*******@l***.com->{'ret': 0, 'msg': '系统无法接受您的验证结果，请完成非机器人验证。'}
2024-02-01 08:46:53,965	INFO	n*******@l***.com->{'ret': 1, 'msg': '登录成功'}
2024-02-01 08:46:54,236	INFO	n*******@l***.com->{'ret': 0, 'msg': '系统无法接受您的验证结果，请完成非机器人验证。'}
2024-02-02 08:44:39,128	INFO	n*******@l***.com->{'ret': 1, 'msg': '登录成功'}
2024-02-02 08:44:39,432	INFO	n*******@l***.com->{'ret': 0, 'msg': '系统无法接受您的验证结果，请完成非机器人验证。'}
2024-02-03 08:43:46,077	INFO	n*******@l***.com->{'ret': 1, 'msg': '登录成功'}
2024-02-03 08:43:46,410	INFO	n*******@l***.com->{'ret': 0, 'msg': '系统无法接受您的验证结果，请完成非机器人验证。'}
2024-02-04 08:48:40,426	INFO	n*******@l***.com->{'ret': 1, 'msg': '登录成功'}
2024-02-04 08:48:40,762	INFO	n*******@l***.com->{'ret': 0, 'msg': '系统无法接受您的验证结果，请完成非机器人验证。'}
2024-02-05 08:45:49,224	INFO	n*******@l***.com->{'ret': 1, 'msg': '登录成功'}
2024-02-05 08:45:49,558	INFO	n*******@l***.com->{'ret': 0, 'msg': '系统无法接受您的验证结果，请完成非机器人验证。'}
2024-02-06 08:43:39,089	INFO	n*******@l***.com->{'ret': 1, 'msg': '登录成功'}
2024-02-06 08:43:39,412	INFO	n*******@l***.com->{'ret': 0, 'msg': '系统无法接受您的验证结果，请完成非机器人验证。'}
2024-02-07 08:42:32,243	INFO	n*******@l***.com->{'ret': 1, 'msg': '登录成功'}
2024-02-07 08:42:32,587	INFO	n*******@l***.com->{'ret': 0, 'msg': '系统无法接受您的验证结果，请完成非机器人验证。'}
2024-02-08 08:43:28,965	INFO	n*******@l***.com->{'ret': 1, 'msg': '登录成功'}
2024-02-08 08:43:29,253	INFO	n*******@l***.com->{'ret': 0, 'msg': '系统无法接受您的验证结果，请完成非机器人验证。'}
2024-02-09 12:34:57,822	INFO	n*******@l***.com->{'ret': 1, 'msg': '登录成功'}
2024-02-09 12:34:58,152	INFO	n*******@l***.com->{'ret': 0, 'msg': '系统无法接受您的验证结果，请完成非机器人验证。'}
2024-02-10 08:42:43,175	INFO	n*******@l***.com->{'ret': 1, 'msg': '登录成功'}
2024-02-10 08:42:43,518	INFO	n*******@l***.com->{'ret': 0, 'msg': '系统无法接受您的验证结果，请完成非机器人验证。'}
